<?xml version="1.0" encoding="UTF-8"?>
<!-- Generated by org.testng.reporters.JUnitReportReporter -->
<testsuite hostname="M4L-FAC-REKHAB" name="groupsdemo.Testgroup1" tests="4" failures="0" timestamp="2 Oct 2019 08:11:09 GMT" time="0.022" errors="0">
  <testcase name="Test3" time="0.001" classname="groupsdemo.Testgroup1"/>
  <testcase name="Test1" time="0.017" classname="groupsdemo.Testgroup1"/>
  <testcase name="Test2" time="0.002" classname="groupsdemo.Testgroup1"/>
  <testcase name="Test4" time="0.002" classname="groupsdemo.Testgroup1"/>
</testsuite> <!-- groupsdemo.Testgroup1 -->
