<?xml version="1.0" encoding="UTF-8"?>
<!-- Generated by org.testng.reporters.JUnitReportReporter -->
<testsuite hostname="M4L-FAC-REKHAB" name="gridimplementationdemo.griddemo" tests="1" failures="0" timestamp="9 Oct 2019 07:20:22 GMT" time="15.014" errors="0">
  <testcase name="verifylogin" time="15.014" classname="gridimplementationdemo.griddemo"/>
</testsuite> <!-- gridimplementationdemo.griddemo -->
