<?xml version="1.0" encoding="UTF-8"?>
<!-- Generated by org.testng.reporters.JUnitReportReporter -->
<testsuite hostname="M4L-FAC-REKHAB" name="mytestngpackage.Screenshotdemo" tests="1" failures="0" timestamp="9 Oct 2019 07:46:41 GMT" time="13.519" errors="0">
  <testcase name="checklogin" time="13.519" classname="mytestngpackage.Screenshotdemo"/>
</testsuite> <!-- mytestngpackage.Screenshotdemo -->
