<?xml version="1.0" encoding="UTF-8"?>
<!-- Generated by org.testng.reporters.JUnitReportReporter -->
<testsuite hostname="M4L-FAC-REKHAB" name="groupsdemo.Testgroup2" tests="4" failures="0" timestamp="2 Oct 2019 08:11:09 GMT" time="0.007" errors="0">
  <testcase name="Test5" time="0.002" classname="groupsdemo.Testgroup2"/>
  <testcase name="Test8" time="0.001" classname="groupsdemo.Testgroup2"/>
  <testcase name="Test6" time="0.002" classname="groupsdemo.Testgroup2"/>
  <testcase name="Test7" time="0.002" classname="groupsdemo.Testgroup2"/>
</testsuite> <!-- groupsdemo.Testgroup2 -->
