<?xml version="1.0" encoding="UTF-8"?>
<!-- Generated by org.testng.reporters.JUnitReportReporter -->
<testsuite hostname="M4L-FAC-REKHAB" name="mytestngpackage.DataProviderdemo" tests="2" failures="0" timestamp="3 Oct 2019 06:42:36 GMT" time="11.674" errors="0">
  <testcase name="f" time="4.117" classname="mytestngpackage.DataProviderdemo"/>
  <testcase name="f" time="7.557" classname="mytestngpackage.DataProviderdemo"/>
</testsuite> <!-- mytestngpackage.DataProviderdemo -->
