<?xml version="1.0" encoding="UTF-8"?>
<!-- Generated by org.testng.reporters.JUnitReportReporter -->
<testsuite hostname="M4L-FAC-REKHAB" name="myTestngpackage.Dependenciesdemo" tests="3" failures="0" timestamp="4 Oct 2019 04:26:04 GMT" time="15.027" errors="0">
  <testcase name="signoff" time="1.573" classname="myTestngpackage.Dependenciesdemo"/>
  <testcase name="startapp" time="10.998" classname="myTestngpackage.Dependenciesdemo"/>
  <testcase name="loginapp" time="2.456" classname="myTestngpackage.Dependenciesdemo"/>
</testsuite> <!-- myTestngpackage.Dependenciesdemo -->
