<?xml version="1.0" encoding="UTF-8"?>
<!-- Generated by org.testng.reporters.JUnitReportReporter -->
<testsuite hostname="M4L-FAC-REKHAB" name="Mygridprj.griddemo" tests="1" failures="0" timestamp="11 Oct 2019 05:45:21 GMT" time="18.364" errors="0">
  <testcase name="testlogin" time="18.364" classname="Mygridprj.griddemo"/>
</testsuite> <!-- Mygridprj.griddemo -->
