<?xml version="1.0" encoding="UTF-8"?>
<!-- Generated by org.testng.reporters.JUnitReportReporter -->
<testsuite hostname="M4L-FAC-REKHAB" name="myTestngpackage.DataProviderdemo" tests="2" failures="0" timestamp="9 Oct 2019 04:22:43 GMT" time="11.403" errors="0">
  <testcase name="f" time="7.387" classname="myTestngpackage.DataProviderdemo"/>
  <testcase name="f" time="4.016" classname="myTestngpackage.DataProviderdemo"/>
</testsuite> <!-- myTestngpackage.DataProviderdemo -->
