<?xml version="1.0" encoding="UTF-8"?>
<!-- Generated by org.testng.reporters.JUnitReportReporter -->
<testsuite hostname="M4L-FAC-REKHAB" name="mygroup.Testgroup2" tests="3" failures="0" timestamp="4 Oct 2019 05:56:40 GMT" time="0.012" errors="0">
  <testcase name="testr4" time="0.005" classname="mygroup.Testgroup2"/>
  <testcase name="testr2" time="0.005" classname="mygroup.Testgroup2"/>
  <testcase name="testr3" time="0.002" classname="mygroup.Testgroup2"/>
</testsuite> <!-- mygroup.Testgroup2 -->
