<?xml version="1.0" encoding="UTF-8"?>
<!-- Generated by org.testng.reporters.JUnitReportReporter -->
<testsuite hostname="M4L-FAC-REKHAB" name="myTestngpackage.Prioritydemo" tests="3" failures="0" timestamp="3 Oct 2019 05:55:09 GMT" time="0.027" errors="0">
  <testcase name="loginapp" time="0.002" classname="myTestngpackage.Prioritydemo"/>
  <testcase name="signoff" time="0.003" classname="myTestngpackage.Prioritydemo"/>
  <testcase name="startapp" time="0.022" classname="myTestngpackage.Prioritydemo"/>
</testsuite> <!-- myTestngpackage.Prioritydemo -->
