<?xml version="1.0" encoding="UTF-8"?>
<!-- Generated by org.testng.reporters.JUnitReportReporter -->
<testsuite hostname="M4L-FAC-REKHAB" name="myTestngpackage.Testngexecutionsequence" tests="1" failures="0" timestamp="3 Oct 2019 05:16:26 GMT" time="0.008" errors="0">
  <testcase name="checktitle" time="0.008" classname="myTestngpackage.Testngexecutionsequence"/>
</testsuite> <!-- myTestngpackage.Testngexecutionsequence -->
