<?xml version="1.0" encoding="UTF-8"?>
<!-- Generated by org.testng.reporters.JUnitReportReporter -->
<testsuite hostname="M4L-FAC-REKHAB" name="mygroup.Testgroup1" tests="1" failures="0" timestamp="4 Oct 2019 05:56:40 GMT" time="0.016" errors="0">
  <testcase name="testr1" time="0.016" classname="mygroup.Testgroup1"/>
</testsuite> <!-- mygroup.Testgroup1 -->
