<?xml version="1.0" encoding="UTF-8"?>
<!-- Generated by org.testng.reporters.JUnitReportReporter -->
<testsuite hostname="M4L-FAC-REKHAB" name="myTestngpackage.ExtentReportdemo" tests="1" failures="0" timestamp="10 Oct 2019 04:57:09 GMT" time="7.952" errors="0">
  <testcase name="checktitle" time="7.952" classname="myTestngpackage.ExtentReportdemo"/>
</testsuite> <!-- myTestngpackage.ExtentReportdemo -->
