<?xml version="1.0" encoding="UTF-8"?>
<!-- Generated by org.testng.reporters.JUnitReportReporter -->
<testsuite hostname="M4L-FAC-REKHAB" name="myTestngpackage.paralleltest" tests="2" failures="0" timestamp="9 Oct 2019 04:54:12 GMT" time="28.268" errors="0">
  <testcase name="login" time="15.420" classname="myTestngpackage.paralleltest"/>
  <testcase name="login" time="12.848" classname="myTestngpackage.paralleltest"/>
</testsuite> <!-- myTestngpackage.paralleltest -->
