<?xml version="1.0" encoding="UTF-8"?>
<!-- Generated by org.testng.reporters.JUnitReportReporter -->
<testsuite hostname="M4L-FAC-REKHAB" name="myTestngpackage.ScreenShotdemo" tests="1" failures="0" timestamp="11 Oct 2019 04:56:32 GMT" time="13.484" errors="0">
  <testcase name="checklogin" time="13.484" classname="myTestngpackage.ScreenShotdemo"/>
</testsuite> <!-- myTestngpackage.ScreenShotdemo -->
